2023-09-26 00:34:32.760 [info] Log level: Info
2023-09-26 00:34:32.760 [info] Validating found git in: "git"
2023-09-26 00:34:32.760 [info] Using git "2.34.1" from "git"
2023-09-26 00:34:32.760 [info] > git rev-parse --show-toplevel [6ms]
2023-09-26 00:34:32.761 [info] > git rev-parse --git-dir --git-common-dir [4ms]
2023-09-26 00:34:32.775 [info] Open repository: /home
2023-09-26 00:34:32.831 [info] > git config --get commit.template [45ms]
2023-09-26 00:34:32.834 [info] > git rev-parse --show-toplevel [42ms]
2023-09-26 00:34:32.857 [info] > git for-each-ref --format=%(refname)%00%(upstream:short)%00%(objectname)%00%(upstream:track)%00%(upstream:remotename)%00%(upstream:remoteref) refs/heads/main refs/remotes/main [15ms]
2023-09-26 00:34:32.878 [info] > git status -z -uall [6ms]
2023-09-26 00:34:32.878 [info] > git rev-parse --show-toplevel [26ms]
2023-09-26 00:34:32.929 [info] > git rev-parse --show-toplevel [42ms]
2023-09-26 00:34:32.935 [info] > git config --get commit.template [18ms]
2023-09-26 00:34:32.945 [info] > git for-each-ref --format=%(refname)%00%(upstream:short)%00%(objectname)%00%(upstream:track)%00%(upstream:remotename)%00%(upstream:remoteref) refs/heads/main refs/remotes/main [1ms]
2023-09-26 00:34:32.955 [info] > git status -z -uall [3ms]
2023-09-26 00:34:35.662 [info] > git check-ignore -v -z --stdin [6ms]
2023-09-26 00:34:36.290 [info] > git config --get commit.template [17ms]
2023-09-26 00:34:36.292 [info] > git for-each-ref --format=%(refname)%00%(upstream:short)%00%(objectname)%00%(upstream:track)%00%(upstream:remotename)%00%(upstream:remoteref) refs/heads/main refs/remotes/main [5ms]
2023-09-26 00:34:36.306 [info] > git status -z -uall [4ms]
2023-09-26 00:34:36.848 [info] > git check-ignore -v -z --stdin [7ms]
2023-09-26 00:34:38.386 [info] > git show --textconv :.devcontainer/docker-compose.yml [15ms]
2023-09-26 00:34:38.389 [info] > git ls-files --stage -- /home/.devcontainer/docker-compose.yml [5ms]
2023-09-26 00:34:38.403 [info] > git cat-file -s 545e3d5f75c28b538675a7517510ccd824595c8a [4ms]
2023-09-26 00:34:41.093 [info] > git show --textconv :.devcontainer/docker-compose.wsl.yml [14ms]
2023-09-26 00:34:41.095 [info] > git ls-files --stage -- /home/.devcontainer/docker-compose.wsl.yml [5ms]
2023-09-26 00:34:41.119 [info] > git cat-file -s 988dbc3a65cedd8595f3f600223eb30c2b4d7b32 [8ms]
2023-09-26 00:34:41.367 [info] > git config --get commit.template [31ms]
2023-09-26 00:34:41.370 [info] > git for-each-ref --format=%(refname)%00%(upstream:short)%00%(objectname)%00%(upstream:track)%00%(upstream:remotename)%00%(upstream:remoteref) refs/heads/main refs/remotes/main [9ms]
2023-09-26 00:34:41.389 [info] > git status -z -uall [4ms]
2023-09-26 00:34:43.238 [info] > git check-ignore -v -z --stdin [6ms]
2023-09-26 00:34:46.408 [info] > git config --get commit.template [8ms]
2023-09-26 00:34:46.409 [info] > git for-each-ref --format=%(refname)%00%(upstream:short)%00%(objectname)%00%(upstream:track)%00%(upstream:remotename)%00%(upstream:remoteref) refs/heads/main refs/remotes/main [2ms]
2023-09-26 00:34:46.420 [info] > git status -z -uall [4ms]
2023-09-26 00:34:46.808 [info] > git show --textconv :.devcontainer/docker-compose.yml [11ms]
2023-09-26 00:34:46.810 [info] > git ls-files --stage -- /home/.devcontainer/docker-compose.yml [3ms]
2023-09-26 00:34:46.823 [info] > git cat-file -s 545e3d5f75c28b538675a7517510ccd824595c8a [3ms]
2023-09-26 00:34:51.454 [info] > git config --get commit.template [14ms]
2023-09-26 00:34:51.455 [info] > git for-each-ref --format=%(refname)%00%(upstream:short)%00%(objectname)%00%(upstream:track)%00%(upstream:remotename)%00%(upstream:remoteref) refs/heads/main refs/remotes/main [5ms]
2023-09-26 00:34:51.465 [info] > git status -z -uall [4ms]
2023-09-26 00:34:51.878 [info] > git show --textconv :.devcontainer/docker-compose.wsl.yml [26ms]
2023-09-26 00:34:51.883 [info] > git ls-files --stage -- /home/.devcontainer/docker-compose.wsl.yml [10ms]
2023-09-26 00:34:51.908 [info] > git cat-file -s 988dbc3a65cedd8595f3f600223eb30c2b4d7b32 [6ms]
2023-09-26 00:34:55.251 [info] > git show --textconv :.devcontainer/docker-compose.yml [15ms]
2023-09-26 00:34:55.253 [info] > git ls-files --stage -- /home/.devcontainer/docker-compose.yml [5ms]
2023-09-26 00:34:55.265 [info] > git cat-file -s 545e3d5f75c28b538675a7517510ccd824595c8a [3ms]
2023-09-26 00:34:56.524 [info] > git config --get commit.template [24ms]
2023-09-26 00:34:56.526 [info] > git for-each-ref --format=%(refname)%00%(upstream:short)%00%(objectname)%00%(upstream:track)%00%(upstream:remotename)%00%(upstream:remoteref) refs/heads/main refs/remotes/main [6ms]
2023-09-26 00:34:56.548 [info] > git status -z -uall [6ms]
2023-09-26 00:34:57.411 [info] > git show --textconv :.devcontainer/docker-compose.wsl.yml [7ms]
2023-09-26 00:34:57.412 [info] > git ls-files --stage -- /home/.devcontainer/docker-compose.wsl.yml [2ms]
2023-09-26 00:34:57.421 [info] > git cat-file -s 988dbc3a65cedd8595f3f600223eb30c2b4d7b32 [2ms]
2023-09-26 00:34:59.678 [info] > git show --textconv :.devcontainer/docker-compose.yml [38ms]
2023-09-26 00:34:59.679 [info] > git ls-files --stage -- /home/.devcontainer/docker-compose.yml [8ms]
2023-09-26 00:34:59.699 [info] > git cat-file -s 545e3d5f75c28b538675a7517510ccd824595c8a [5ms]
2023-09-26 00:35:01.367 [info] > git show --textconv :.devcontainer/docker-compose.wsl.yml [33ms]
2023-09-26 00:35:01.375 [info] > git ls-files --stage -- /home/.devcontainer/docker-compose.wsl.yml [13ms]
2023-09-26 00:35:01.407 [info] > git cat-file -s 988dbc3a65cedd8595f3f600223eb30c2b4d7b32 [6ms]
2023-09-26 00:35:01.577 [info] > git config --get commit.template [13ms]
2023-09-26 00:35:01.579 [info] > git for-each-ref --format=%(refname)%00%(upstream:short)%00%(objectname)%00%(upstream:track)%00%(upstream:remotename)%00%(upstream:remoteref) refs/heads/main refs/remotes/main [3ms]
2023-09-26 00:35:01.594 [info] > git status -z -uall [4ms]
2023-09-26 00:35:06.616 [info] > git config --get commit.template [8ms]
2023-09-26 00:35:06.617 [info] > git for-each-ref --format=%(refname)%00%(upstream:short)%00%(objectname)%00%(upstream:track)%00%(upstream:remotename)%00%(upstream:remoteref) refs/heads/main refs/remotes/main [1ms]
2023-09-26 00:35:06.625 [info] > git status -z -uall [2ms]
2023-09-26 00:35:11.050 [info] > git show --textconv :.devcontainer/devcontainer.json [73ms]
2023-09-26 00:35:11.051 [info] > git ls-files --stage -- /home/.devcontainer/devcontainer.json [65ms]
2023-09-26 00:35:11.085 [info] > git cat-file -s a2b37d7b7ac401546a1f00790730e5842d607963 [24ms]
2023-09-26 00:35:11.781 [info] > git config --get commit.template [141ms]
2023-09-26 00:35:11.802 [info] > git for-each-ref --format=%(refname)%00%(upstream:short)%00%(objectname)%00%(upstream:track)%00%(upstream:remotename)%00%(upstream:remoteref) refs/heads/main refs/remotes/main [13ms]
2023-09-26 00:35:11.820 [info] > git status -z -uall [3ms]
2023-09-26 00:35:13.398 [info] > git show --textconv :.devcontainer/docker-compose.yml [35ms]
2023-09-26 00:35:13.404 [info] > git ls-files --stage -- /home/.devcontainer/docker-compose.yml [9ms]
2023-09-26 00:35:13.437 [info] > git cat-file -s 545e3d5f75c28b538675a7517510ccd824595c8a [5ms]
2023-09-26 00:35:16.846 [info] > git config --get commit.template [11ms]
2023-09-26 00:35:16.846 [info] > git for-each-ref --format=%(refname)%00%(upstream:short)%00%(objectname)%00%(upstream:track)%00%(upstream:remotename)%00%(upstream:remoteref) refs/heads/main refs/remotes/main [3ms]
2023-09-26 00:35:16.858 [info] > git status -z -uall [3ms]
2023-09-26 00:35:21.949 [info] > git config --get commit.template [42ms]
2023-09-26 00:35:21.952 [info] > git for-each-ref --format=%(refname)%00%(upstream:short)%00%(objectname)%00%(upstream:track)%00%(upstream:remotename)%00%(upstream:remoteref) refs/heads/main refs/remotes/main [10ms]
2023-09-26 00:35:21.967 [info] > git status -z -uall [4ms]
2023-09-26 00:35:27.023 [info] > git config --get commit.template [21ms]
2023-09-26 00:35:27.024 [info] > git for-each-ref --format=%(refname)%00%(upstream:short)%00%(objectname)%00%(upstream:track)%00%(upstream:remotename)%00%(upstream:remoteref) refs/heads/main refs/remotes/main [3ms]
2023-09-26 00:35:27.038 [info] > git status -z -uall [3ms]
2023-09-26 00:35:32.061 [info] > git config --get commit.template [10ms]
2023-09-26 00:35:32.061 [info] > git for-each-ref --format=%(refname)%00%(upstream:short)%00%(objectname)%00%(upstream:track)%00%(upstream:remotename)%00%(upstream:remoteref) refs/heads/main refs/remotes/main [1ms]
2023-09-26 00:35:32.073 [info] > git status -z -uall [1ms]
2023-09-26 00:35:37.095 [info] > git config --get commit.template [11ms]
2023-09-26 00:35:37.096 [info] > git for-each-ref --format=%(refname)%00%(upstream:short)%00%(objectname)%00%(upstream:track)%00%(upstream:remotename)%00%(upstream:remoteref) refs/heads/main refs/remotes/main [2ms]
2023-09-26 00:35:37.107 [info] > git status -z -uall [3ms]
2023-09-26 00:35:42.142 [info] > git config --get commit.template [8ms]
2023-09-26 00:35:42.143 [info] > git for-each-ref --format=%(refname)%00%(upstream:short)%00%(objectname)%00%(upstream:track)%00%(upstream:remotename)%00%(upstream:remoteref) refs/heads/main refs/remotes/main [2ms]
2023-09-26 00:35:42.151 [info] > git status -z -uall [2ms]
2023-09-26 00:35:47.214 [info] > git config --get commit.template [28ms]
2023-09-26 00:35:47.217 [info] > git for-each-ref --format=%(refname)%00%(upstream:short)%00%(objectname)%00%(upstream:track)%00%(upstream:remotename)%00%(upstream:remoteref) refs/heads/main refs/remotes/main [5ms]
2023-09-26 00:35:47.251 [info] > git status -z -uall [10ms]
